<?xml version="1.0" encoding="UTF-8"?>
<!-- Generated by org.testng.reporters.JUnitXMLReporter -->
<testsuite ignored="0" hostname="DESKTOP-P8R83OF" failures="0" tests="2" name="End To End Framework Test" time="129.766" errors="0" timestamp="2022-12-28T15:43:56 IST">
  <testcase classname="org.rahulshettyacademy.eCommerce_tc_4_Hybrid" name="FillForm" time="56.506"/>
  <testcase classname="org.rahulshettyacademy.eCommerce_tc_4_Hybrid" name="FillForm" time="54.926"/>
</testsuite> <!-- End To End Framework Test -->
