<?xml version="1.0" encoding="UTF-8"?>
<testsuite xmlns:xsi="http://www.w3.org/2001/XMLSchema-instance" xsi:noNamespaceSchemaLocation="https://maven.apache.org/surefire/maven-surefire-plugin/xsd/surefire-test-report-3.0.xsd" version="3.0" name="TestSuite" time="183.885" tests="4" errors="0" skipped="0" failures="1">
  <properties>
[...]
</properties>
  <testcase name="FillForm[{name=rahul shetty, country=Argentina, gender=Female}](1)" classname="org.rahulshettyacademy.eCommerce_tc_4_Hybrid" time="56.512">
    <system-out><![CDATA[info Appium Setting NODE_PATH to 'C:\Users\Dell\AppData\Roaming\npm\node_modules'
&amp#27;[35m[Appium]&amp#27;[39m Welcome to Appium v2.0.0-beta.44
&amp#27;[35m[Appium]&amp#27;[39m Non-default server args:
&amp#27;[35m[Appium]&amp#27;[39m { address: &amp#27;[32m'127.0.0.1'&amp#27;[39m }
&amp#27;[35m[Appium]&amp#27;[39m Attempting to load driver uiautomator2...
[debug] &amp#27;[35m[Appium]&amp#27;[39m Requiring driver at C:\Users\Dell\.appium\node_modules\appium-uiautomator2-driver
&amp#27;[35m[Appium]&amp#27;[39m Appium REST http interface listener started on 127.0.0.1:4723
&amp#27;[35m[Appium]&amp#27;[39m Available drivers:
&amp#27;[35m[Appium]&amp#27;[39m   - uiautomator2@2.7.1 (automationName 'UiAutomator2')
&amp#27;[35m[Appium]&amp#27;[39m No plugins have been installed. Use the "appium plugin" command to install the one(s) you want to use.
NATIVE_APP
WEBVIEW_com.androidsample.generalstore
]]></system-out>
    <system-err><![CDATA[SLF4J: No SLF4J providers were found.
SLF4J: Defaulting to no-operation (NOP) logger implementation
SLF4J: See https://www.slf4j.org/codes.html#noProviders for further details.
]]></system-err>
  </testcase>
  <testcase name="FillForm[{name=Avnish Sharma, country=Argentina, gender=Male}](2)" classname="org.rahulshettyacademy.eCommerce_tc_4_Hybrid" time="54.926">
    <system-out><![CDATA[NATIVE_APP
WEBVIEW_com.androidsample.generalstore
]]></system-out>
  </testcase>
  <testcase name="FillForm_ErrorValidation" classname="org.rahulshettyacademy.eCommerec_tc_2" time="11.808">
    <failure message="expected [Please enter your name:] but found [Please enter your name]" type="java.lang.AssertionError"><![CDATA[java.lang.AssertionError: expected [Please enter your name:] but found [Please enter your name]
	at org.testng.Assert.fail(Assert.java:110)
	at org.testng.Assert.failNotEquals(Assert.java:1413)
	at org.testng.Assert.assertEqualsImpl(Assert.java:149)
	at org.testng.Assert.assertEquals(Assert.java:131)
	at org.testng.Assert.assertEquals(Assert.java:655)
	at org.testng.Assert.assertEquals(Assert.java:665)
	at org.rahulshettyacademy.eCommerec_tc_2.FillForm_ErrorValidation(eCommerec_tc_2.java:35)
	at java.base/jdk.internal.reflect.NativeMethodAccessorImpl.invoke0(Native Method)
	at java.base/jdk.internal.reflect.NativeMethodAccessorImpl.invoke(NativeMethodAccessorImpl.java:77)
	at java.base/jdk.internal.reflect.DelegatingMethodAccessorImpl.invoke(DelegatingMethodAccessorImpl.java:43)
	at java.base/java.lang.reflect.Method.invoke(Method.java:568)
	at org.testng.internal.invokers.MethodInvocationHelper.invokeMethod(MethodInvocationHelper.java:139)
	at org.testng.internal.invokers.TestInvoker.invokeMethod(TestInvoker.java:677)
	at org.testng.internal.invokers.TestInvoker.invokeTestMethod(TestInvoker.java:221)
	at org.testng.internal.invokers.MethodRunner.runInSequence(MethodRunner.java:50)
	at org.testng.internal.invokers.TestInvoker$MethodInvocationAgent.invoke(TestInvoker.java:962)
	at org.testng.internal.invokers.TestInvoker.invokeTestMethods(TestInvoker.java:194)
	at org.testng.internal.invokers.TestMethodWorker.invokeTestMethods(TestMethodWorker.java:148)
	at org.testng.internal.invokers.TestMethodWorker.run(TestMethodWorker.java:128)
	at java.base/java.util.ArrayList.forEach(ArrayList.java:1511)
	at org.testng.TestRunner.privateRun(TestRunner.java:806)
	at org.testng.TestRunner.run(TestRunner.java:601)
	at org.testng.SuiteRunner.runTest(SuiteRunner.java:433)
	at org.testng.SuiteRunner.runSequentially(SuiteRunner.java:427)
	at org.testng.SuiteRunner.privateRun(SuiteRunner.java:387)
	at org.testng.SuiteRunner.run(SuiteRunner.java:330)
	at org.testng.SuiteRunnerWorker.runSuite(SuiteRunnerWorker.java:52)
	at org.testng.SuiteRunnerWorker.run(SuiteRunnerWorker.java:95)
	at org.testng.TestNG.runSuitesSequentially(TestNG.java:1256)
	at org.testng.TestNG.runSuitesLocally(TestNG.java:1176)
	at org.testng.TestNG.runSuites(TestNG.java:1099)
	at org.testng.TestNG.run(TestNG.java:1067)
	at org.apache.maven.surefire.testng.TestNGExecutor.run(TestNGExecutor.java:324)
	at org.apache.maven.surefire.testng.TestNGXmlTestSuite.execute(TestNGXmlTestSuite.java:74)
	at org.apache.maven.surefire.testng.TestNGProvider.invoke(TestNGProvider.java:123)
	at org.apache.maven.surefire.booter.ForkedBooter.runSuitesInProcess(ForkedBooter.java:456)
	at org.apache.maven.surefire.booter.ForkedBooter.execute(ForkedBooter.java:169)
	at org.apache.maven.surefire.booter.ForkedBooter.run(ForkedBooter.java:595)
	at org.apache.maven.surefire.booter.ForkedBooter.main(ForkedBooter.java:581)
]]></failure>
    <system-out><![CDATA[info Appium Setting NODE_PATH to 'C:\Users\Dell\AppData\Roaming\npm\node_modules'
&amp#27;[35m[Appium]&amp#27;[39m Welcome to Appium v2.0.0-beta.44
&amp#27;[35m[Appium]&amp#27;[39m Non-default server args:
&amp#27;[35m[Appium]&amp#27;[39m { address: &amp#27;[32m'127.0.0.1'&amp#27;[39m }
&amp#27;[35m[Appium]&amp#27;[39m Attempting to load driver uiautomator2...
[debug] &amp#27;[35m[Appium]&amp#27;[39m Requiring driver at C:\Users\Dell\.appium\node_modules\appium-uiautomator2-driver
&amp#27;[35m[Appium]&amp#27;[39m Appium REST http interface listener started on 127.0.0.1:4723
&amp#27;[35m[Appium]&amp#27;[39m Available drivers:
&amp#27;[35m[Appium]&amp#27;[39m   - uiautomator2@2.7.1 (automationName 'UiAutomator2')
&amp#27;[35m[Appium]&amp#27;[39m No plugins have been installed. Use the "appium plugin" command to install the one(s) you want to use.
]]></system-out>
  </testcase>
  <testcase name="FillForm_PositiveFlow" classname="org.rahulshettyacademy.eCommerec_tc_2" time="24.881"/>
</testsuite>